<?xml version="1.0" encoding="UTF-8"?>
<testsuite name="ru.stqa.pft.addressbook.tests.ContactCreationTests" tests="3" skipped="0" failures="0" errors="0" timestamp="2018-12-27T17:07:42" hostname="AdamaYoga" time="56.069">
  <properties/>
  <testcase name="testContactCreation[0](ContactData{id=0, firstName='Adam0'})" classname="ru.stqa.pft.addressbook.tests.ContactCreationTests" time="21.726"/>
  <testcase name="testContactCreation[1](ContactData{id=0, firstName='Adam1'})" classname="ru.stqa.pft.addressbook.tests.ContactCreationTests" time="16.757"/>
  <testcase name="testContactCreation[2](ContactData{id=0, firstName='Adam2'})" classname="ru.stqa.pft.addressbook.tests.ContactCreationTests" time="17.586"/>
  <system-out><![CDATA[]]></system-out>
  <system-err><![CDATA[console.error: BroadcastService: 
  receivedBroadcastMessage: handler for
  remote-settings/monitor_changes
  threw error:
  Message: Error: Polling for changes failed: NetworkError when attempting to fetch resource..
  Stack:
    remoteSettingsFunction/remoteSettings.pollChanges@resource://services-settings/remote-settings.js:721:13

]]></system-err>
</testsuite>
